<?xml version="1.0" encoding="UTF-8"?>
<testng-results ignored="0" total="1" passed="1" failed="0" skipped="0">
  <reporter-output>
  </reporter-output>
  <suite started-at="2026-05-08T15:13:54 EDT" name="Default suite" finished-at="2026-05-08T15:13:57 EDT" duration-ms="2664">
    <groups>
      <group name="cucumber">
        <method signature="AbstractTestNGCucumberTests.runScenario(io.cucumber.testng.PickleWrapper,io.cucumber.testng.FeatureWrapper)[pri:0, instance:runner.TestRunner@4c60d6e9]" name="runScenario" class="io.cucumber.testng.AbstractTestNGCucumberTests"/>
      </group> <!-- cucumber -->
    </groups>
    <test started-at="2026-05-08T15:13:54 EDT" name="Default test" finished-at="2026-05-08T15:13:57 EDT" duration-ms="2664">
      <class name="runner.TestRunner">
        <test-method is-config="true" signature="setUpClass(org.testng.ITestContext)[pri:0, instance:runner.TestRunner@4c60d6e9]" started-at="2026-05-08T15:13:54 EDT" name="setUpClass" finished-at="2026-05-08T15:13:55 EDT" duration-ms="935" status="PASS">
          <params>
            <param index="0">
              <value>
                <![CDATA[org.testng.TestRunner@49293b43]]>
              </value>
            </param>
          </params>
          <reporter-output>
          </reporter-output>
        </test-method> <!-- setUpClass -->
        <test-method signature="runScenario(io.cucumber.testng.PickleWrapper,io.cucumber.testng.FeatureWrapper)[pri:0, instance:runner.TestRunner@4c60d6e9]" started-at="2026-05-08T15:13:55 EDT" name="runScenario" description="Runs Cucumber Scenarios" data-provider="scenarios" finished-at="2026-05-08T15:13:55 EDT" duration-ms="199" status="PASS">
          <params>
            <param index="0">
              <value>
                <![CDATA["Test login with valid credentials"]]>
              </value>
            </param>
            <param index="1">
              <value>
                <![CDATA["Test Login functionality"]]>
              </value>
            </param>
          </params>
          <reporter-output>
          </reporter-output>
        </test-method> <!-- runScenario -->
        <test-method is-config="true" signature="tearDownClass()[pri:0, instance:runner.TestRunner@4c60d6e9]" started-at="2026-05-08T15:13:55 EDT" name="tearDownClass" finished-at="2026-05-08T15:13:57 EDT" duration-ms="1456" status="PASS">
          <reporter-output>
          </reporter-output>
        </test-method> <!-- tearDownClass -->
      </class> <!-- runner.TestRunner -->
    </test> <!-- Default test -->
  </suite> <!-- Default suite -->
</testng-results>
