<?xml version="1.0" encoding="UTF-8"?>
<testng-results ignored="0" total="1" passed="1" failed="0" skipped="0">
  <reporter-output>
  </reporter-output>
  <suite started-at="2026-05-10T22:48:09 EDT" name="Default suite" finished-at="2026-05-10T22:48:24 EDT" duration-ms="14914">
    <groups>
      <group name="cucumber">
        <method signature="AbstractTestNGCucumberTests.runScenario(io.cucumber.testng.PickleWrapper,io.cucumber.testng.FeatureWrapper)[pri:0, instance:runner.TestRunner@75d3a5e0]" name="runScenario" class="io.cucumber.testng.AbstractTestNGCucumberTests"/>
      </group> <!-- cucumber -->
    </groups>
    <test started-at="2026-05-10T22:48:09 EDT" name="Default test" finished-at="2026-05-10T22:48:24 EDT" duration-ms="14914">
      <class name="runner.TestRunner">
        <test-method is-config="true" signature="setUpClass(org.testng.ITestContext)[pri:0, instance:runner.TestRunner@75d3a5e0]" started-at="2026-05-10T22:48:09 EDT" name="setUpClass" finished-at="2026-05-10T22:48:10 EDT" duration-ms="1345" status="PASS">
          <params>
            <param index="0">
              <value>
                <![CDATA[org.testng.TestRunner@517a2b0]]>
              </value>
            </param>
          </params>
          <reporter-output>
          </reporter-output>
        </test-method> <!-- setUpClass -->
        <test-method signature="runScenario(io.cucumber.testng.PickleWrapper,io.cucumber.testng.FeatureWrapper)[pri:0, instance:runner.TestRunner@75d3a5e0]" started-at="2026-05-10T22:48:10 EDT" name="runScenario" description="Runs Cucumber Scenarios" data-provider="scenarios" finished-at="2026-05-10T22:48:22 EDT" duration-ms="11864" status="PASS">
          <params>
            <param index="0">
              <value>
                <![CDATA["Test login with valid credentials"]]>
              </value>
            </param>
            <param index="1">
              <value>
                <![CDATA["Test Login functionality"]]>
              </value>
            </param>
          </params>
          <reporter-output>
          </reporter-output>
        </test-method> <!-- runScenario -->
        <test-method is-config="true" signature="tearDownClass()[pri:0, instance:runner.TestRunner@75d3a5e0]" started-at="2026-05-10T22:48:22 EDT" name="tearDownClass" finished-at="2026-05-10T22:48:24 EDT" duration-ms="1603" status="PASS">
          <reporter-output>
          </reporter-output>
        </test-method> <!-- tearDownClass -->
      </class> <!-- runner.TestRunner -->
    </test> <!-- Default test -->
  </suite> <!-- Default suite -->
</testng-results>
